15087.2 1050
16390.3 1007
14265.3 1022
17881.5 1070
16155.9 1004
14636.2 1057
17428.0 1098
17506.4 1000
18598.1 1030
16400.6 1013
16976.1 1086
18376.0 1023
16828.3 1037
16810.1 1032
16211.4 1097
17897.6 1020
16235.4 1025
16736.9 1055
18077.7 1010
16198.4 1003
18273.8 1027
17118.4 1064
16283.7 1090
15853.2 1036
15870.1 1035
16765.5 1002
15926.4 1052
16924.0 1080
16587.9 1048
17658.1 1095
17818.2 1008
14084.4 1077
16548.1 1087
17290.6 1093
16018.1 1091
14858.3 1047
17506.5 1009
18483.8 1096
16799.5 1081
15602.9 1011
16224.3 1028
16700.5 1046
16718.0 1031
15776.3 1029
17247.6 1085
15890.5 1099
17491.5 1089
15694.0 1071
17348.1 1051
16452.1 1072
17114.9 1021
14360.9 1060
17559.8 1049
16759.3 1083
17657.9 1017
15960.5 1059
16812.0 1063
17298.4 1033
16203.6 1067
17542.5 1015
14586.1 1094
16827.9 1074
16052.4 1012
18117.9 1053
14159.2 1056
18019.9 1039
16138.4 1041
15783.6 1019
16529.3 1079
15869.1 1084
17451.8 1001
16458.5 1018
17126.5 1092
16550.8 1034
16073.1 1065
17243.1 1016
15977.9 1042
16579.4 1068
16483.7 1014
18849.6 1040
16750.9 1043
16339.4 1024
15367.2 1075
17203.4 1066
17190.6 1061
17247.5 1073
17127.9 1088
18060.4 1026
16309.7 1005
18056.3 1062
17205.6 1006
16407.9 1054
16890.2 1082
16012.6 1038
16719.3 1069
16682.3 1045
16882.4 1044
16295.0 1078
16046.6 1076
15384.8 1058
