16046.6 1076
14084.4 1077
16283.7 1090
16295 1078
16018.1 1091
17126.5 1092
16529.3 1079
17290.6 1093
14586.1 1094
17658.1 1095
18483.8 1096
16211.4 1097
17428 1098
15890.5 1099
17506.4 1000
17451.8 1001
16765.5 1002
16198.4 1003
16155.9 1004
16309.7 1005
17205.6 1006
16390.3 1007
17897.6 1020
17114.9 1021
17818.2 1008
17506.5 1009
14265.3 1022
18376 1023
16339.4 1024
16235.4 1025
18060.4 1026
18849.6 1040
18273.8 1027
16138.4 1041
16224.3 1028
15977.9 1042
15776.3 1029
16750.9 1043
16882.4 1044
16682.3 1045
16700.5 1046
14360.9 1060
14858.3 1047
17190.6 1061
16587.9 1048
18056.3 1062
17559.8 1049
16812 1063
17118.4 1064
16073.1 1065
17203.4 1066
16203.6 1067
16924 1080
16579.4 1068
16799.5 1081
16719.3 1069
16890.2 1082
16759.3 1083
15869.1 1084
17247.6 1085
16976.1 1086
16548.1 1087
17127.9 1088
17491.5 1089
18077.7 1010
15602.9 1011
16052.4 1012
16400.6 1013
16483.7 1014
17542.5 1015
17243.1 1016
17657.9 1017
18598.1 1030
16458.5 1018
16718 1031
15783.6 1019
16810.1 1032
17298.4 1033
16550.8 1034
15870.1 1035
15853.2 1036
16828.3 1037
15087.2 1050
16012.6 1038
17348.1 1051
18019.9 1039
15926.4 1052
18117.9 1053
16407.9 1054
16736.9 1055
14159.2 1056
14636.2 1057
17881.5 1070
15384.8 1058
15694 1071
15960.5 1059
16452.1 1072
17247.5 1073
16827.9 1074
15367.2 1075
